  pist3.cpp
C:\Users\34654\source\repos\pist3\pist3\pist3.cpp(114,3): warning C4477: 'fprintf' : la cadena de formato '%s' requiere un argumento de tipo 'char *', pero el argumento variádico 3 tiene el tipo 'LPVOID'
C:\Users\34654\source\repos\pist3\pist3\pist3.cpp(122,3): warning C4477: 'fprintf' : la cadena de formato '%s' requiere un argumento de tipo 'char *', pero el argumento variádico 3 tiene el tipo 'LPVOID'
C:\Users\34654\source\repos\pist3\pist3\pist3.cpp(127,3): warning C4477: 'fprintf' : la cadena de formato '%s' requiere un argumento de tipo 'char *', pero el argumento variádico 3 tiene el tipo 'LPVOID'
C:\Users\34654\source\repos\pist3\pist3\pist3.cpp(132,3): warning C4477: 'fprintf' : la cadena de formato '%s' requiere un argumento de tipo 'char *', pero el argumento variádico 3 tiene el tipo 'LPVOID'
C:\Users\34654\source\repos\pist3\pist3\pist3.cpp(154,3): warning C4477: 'fprintf' : la cadena de formato '%s' requiere un argumento de tipo 'char *', pero el argumento variádico 3 tiene el tipo 'LPVOID'
C:\Users\34654\source\repos\pist3\pist3\pist3.cpp(161,3): warning C4477: 'fprintf' : la cadena de formato '%s' requiere un argumento de tipo 'char *', pero el argumento variádico 3 tiene el tipo 'LPVOID'
C:\Users\34654\source\repos\pist3\pist3\pist3.cpp(168,3): warning C4477: 'fprintf' : la cadena de formato '%s' requiere un argumento de tipo 'char *', pero el argumento variádico 3 tiene el tipo 'LPVOID'
C:\Users\34654\source\repos\pist3\pist3\pist3.cpp(175,3): warning C4477: 'fprintf' : la cadena de formato '%s' requiere un argumento de tipo 'char *', pero el argumento variádico 3 tiene el tipo 'LPVOID'
C:\Users\34654\source\repos\pist3\pist3\pist3.cpp(182,3): warning C4477: 'fprintf' : la cadena de formato '%s' requiere un argumento de tipo 'char *', pero el argumento variádico 3 tiene el tipo 'LPVOID'
C:\Users\34654\source\repos\pist3\pist3\pist3.cpp(189,3): warning C4477: 'fprintf' : la cadena de formato '%s' requiere un argumento de tipo 'char *', pero el argumento variádico 3 tiene el tipo 'LPVOID'
C:\Users\34654\source\repos\pist3\pist3\pist3.cpp(197,3): warning C4477: 'fprintf' : la cadena de formato '%s' requiere un argumento de tipo 'char *', pero el argumento variádico 3 tiene el tipo 'LPVOID'
C:\Users\34654\source\repos\pist3\pist3\pist3.cpp(212,3): warning C4477: 'fprintf' : la cadena de formato '%s' requiere un argumento de tipo 'char *', pero el argumento variádico 3 tiene el tipo 'LPVOID'
C:\Users\34654\source\repos\pist3\pist3\pist3.cpp(218,3): warning C4477: 'fprintf' : la cadena de formato '%s' requiere un argumento de tipo 'char *', pero el argumento variádico 3 tiene el tipo 'LPVOID'
C:\Users\34654\source\repos\pist3\pist3\pist3.cpp(223,3): warning C4477: 'fprintf' : la cadena de formato '%s' requiere un argumento de tipo 'char *', pero el argumento variádico 3 tiene el tipo 'LPVOID'
C:\Users\34654\source\repos\pist3\pist3\pist3.cpp(247,3): warning C4477: 'fprintf' : la cadena de formato '%s' requiere un argumento de tipo 'char *', pero el argumento variádico 3 tiene el tipo 'LPVOID'
C:\Users\34654\source\repos\pist3\pist3\pist3.cpp(253,3): warning C4477: 'fprintf' : la cadena de formato '%s' requiere un argumento de tipo 'char *', pero el argumento variádico 3 tiene el tipo 'LPVOID'
C:\Users\34654\source\repos\pist3\pist3\pist3.cpp(259,3): warning C4477: 'fprintf' : la cadena de formato '%s' requiere un argumento de tipo 'char *', pero el argumento variádico 3 tiene el tipo 'LPVOID'
C:\Users\34654\source\repos\pist3\pist3\pist3.cpp(265,3): warning C4477: 'fprintf' : la cadena de formato '%s' requiere un argumento de tipo 'char *', pero el argumento variádico 3 tiene el tipo 'LPVOID'
C:\Users\34654\source\repos\pist3\pist3\pist3.cpp(273,5): warning C4477: 'fprintf' : la cadena de formato '%s' requiere un argumento de tipo 'char *', pero el argumento variádico 3 tiene el tipo 'LPVOID'
C:\Users\34654\source\repos\pist3\pist3\pist3.cpp(281,5): warning C4477: 'fprintf' : la cadena de formato '%s' requiere un argumento de tipo 'char *', pero el argumento variádico 3 tiene el tipo 'LPVOID'
C:\Users\34654\source\repos\pist3\pist3\pist3.cpp(290,5): warning C4477: 'fprintf' : la cadena de formato '%s' requiere un argumento de tipo 'char *', pero el argumento variádico 3 tiene el tipo 'LPVOID'
C:\Users\34654\source\repos\pist3\pist3\pist3.cpp(298,6): warning C4477: 'fprintf' : la cadena de formato '%s' requiere un argumento de tipo 'char *', pero el argumento variádico 3 tiene el tipo 'LPVOID'
C:\Users\34654\source\repos\pist3\pist3\pist3.cpp(307,5): warning C4477: 'fprintf' : la cadena de formato '%s' requiere un argumento de tipo 'char *', pero el argumento variádico 3 tiene el tipo 'LPVOID'
C:\Users\34654\source\repos\pist3\pist3\pist3.cpp(315,6): warning C4477: 'fprintf' : la cadena de formato '%s' requiere un argumento de tipo 'char *', pero el argumento variádico 3 tiene el tipo 'LPVOID'
C:\Users\34654\source\repos\pist3\pist3\pist3.cpp(324,6): warning C4477: 'fprintf' : la cadena de formato '%s' requiere un argumento de tipo 'char *', pero el argumento variádico 3 tiene el tipo 'LPVOID'
C:\Users\34654\source\repos\pist3\pist3\pist3.cpp(336,6): warning C4477: 'fprintf' : la cadena de formato '%s' requiere un argumento de tipo 'char *', pero el argumento variádico 3 tiene el tipo 'LPVOID'
C:\Users\34654\source\repos\pist3\pist3\pist3.cpp(347,7): warning C4477: 'fprintf' : la cadena de formato '%s' requiere un argumento de tipo 'char *', pero el argumento variádico 3 tiene el tipo 'LPVOID'
C:\Users\34654\source\repos\pist3\pist3\pist3.cpp(357,7): warning C4477: 'fprintf' : la cadena de formato '%s' requiere un argumento de tipo 'char *', pero el argumento variádico 3 tiene el tipo 'LPVOID'
C:\Users\34654\source\repos\pist3\pist3\pist3.cpp(370,7): warning C4477: 'fprintf' : la cadena de formato '%s' requiere un argumento de tipo 'char *', pero el argumento variádico 3 tiene el tipo 'LPVOID'
C:\Users\34654\source\repos\pist3\pist3\pist3.cpp(379,7): warning C4477: 'fprintf' : la cadena de formato '%s' requiere un argumento de tipo 'char *', pero el argumento variádico 3 tiene el tipo 'LPVOID'
C:\Users\34654\source\repos\pist3\pist3\pist3.cpp(390,5): warning C4477: 'fprintf' : la cadena de formato '%s' requiere un argumento de tipo 'char *', pero el argumento variádico 3 tiene el tipo 'LPVOID'
C:\Users\34654\source\repos\pist3\pist3\pist3.cpp(398,5): warning C4477: 'fprintf' : la cadena de formato '%s' requiere un argumento de tipo 'char *', pero el argumento variádico 3 tiene el tipo 'LPVOID'
C:\Users\34654\source\repos\pist3\pist3\pist3.cpp(406,5): warning C4477: 'fprintf' : la cadena de formato '%s' requiere un argumento de tipo 'char *', pero el argumento variádico 3 tiene el tipo 'LPVOID'
C:\Users\34654\source\repos\pist3\pist3\pist3.cpp(413,5): warning C4477: 'fprintf' : la cadena de formato '%s' requiere un argumento de tipo 'char *', pero el argumento variádico 3 tiene el tipo 'LPVOID'
C:\Users\34654\source\repos\pist3\pist3\pist3.cpp(421,5): warning C4477: 'fprintf' : la cadena de formato '%s' requiere un argumento de tipo 'char *', pero el argumento variádico 3 tiene el tipo 'LPVOID'
C:\Users\34654\source\repos\pist3\pist3\pist3.cpp(429,6): warning C4477: 'fprintf' : la cadena de formato '%s' requiere un argumento de tipo 'char *', pero el argumento variádico 3 tiene el tipo 'LPVOID'
C:\Users\34654\source\repos\pist3\pist3\pist3.cpp(435,6): warning C4477: 'fprintf' : la cadena de formato '%s' requiere un argumento de tipo 'char *', pero el argumento variádico 3 tiene el tipo 'LPVOID'
C:\Users\34654\source\repos\pist3\pist3\pist3.cpp(444,5): warning C4477: 'fprintf' : la cadena de formato '%s' requiere un argumento de tipo 'char *', pero el argumento variádico 3 tiene el tipo 'LPVOID'
C:\Users\34654\source\repos\pist3\pist3\pist3.cpp(452,5): warning C4477: 'fprintf' : la cadena de formato '%s' requiere un argumento de tipo 'char *', pero el argumento variádico 3 tiene el tipo 'LPVOID'
C:\Users\34654\source\repos\pist3\pist3\pist3.cpp(462,6): warning C4477: 'fprintf' : la cadena de formato '%s' requiere un argumento de tipo 'char *', pero el argumento variádico 3 tiene el tipo 'LPVOID'
C:\Users\34654\source\repos\pist3\pist3\pist3.cpp(483): warning C4715: 'buscaIndice': no todas las rutas de acceso de control devuelven un valor
C:\Users\34654\source\repos\pist3\pist3\pist3.cpp(53): warning C4715: 'consoleHandler': no todas las rutas de acceso de control devuelven un valor
C:\Users\34654\source\repos\pist3\pist3\pist3.cpp(494): warning C4715: 'elegirCoordinador': no todas las rutas de acceso de control devuelven un valor
  pist3.vcxproj -> C:\Users\34654\source\repos\pist3\Debug\pist3.exe
